------
Task 1:
(showing first 10 rows)
Cylinders           Displacement        Horsepower          Weight-             Acceleration+       Model               origin              Mpg+                

Row 1:
8                   304                 193                 4732                18.5                70                  1                   10                  
Closest Row:
Distance - 0.08627497071313059
8                   307                 200                 4376                15                  70                  1                   10                  
Furthest Row:
Distance - 0.7718023598888357
4                   97                  52                  2130                24.6                82                  2                   40                  



Row 2:
8                   360                 215                 4615                14                  70                  1                   10                  
Closest Row:
Distance - 0.04724574713483595
8                   318                 210                 4382                13.5                70                  1                   10                  
Furthest Row:
Distance - 0.8203978128924003
4                   97                  52                  2130                24.6                82                  2                   40                  



Row 3:
8                   307                 200                 4376                15                  70                  1                   10                  
Closest Row:
Distance - 0.0396130557762708
8                   318                 210                 4382                13.5                70                  1                   10                  
Furthest Row:
Distance - 0.7833777373257164
4                   97                  52                  2130                24.6                82                  2                   40                  



Row 4:
8                   318                 210                 4382                13.5                70                  1                   10                  
Closest Row:
Distance - 0.0396130557762708
8                   307                 200                 4376                15                  70                  1                   10                  
Furthest Row:
Distance - 0.8027252185194815
4                   97                  52                  2130                24.6                82                  2                   40                  



Row 5:
8                   429                 208                 4633                11                  72                  1                   10                  
Closest Row:
Distance - 0.03541894647771159
8                   440                 215                 4735                11                  73                  1                   10                  
Furthest Row:
Distance - 0.8350031902230796
4                   97                  52                  2130                24.6                82                  2                   40                  



Row 6:
8                   400                 150                 4997                14                  73                  1                   10                  
Closest Row:
Distance - 0.047422180150764215
8                   400                 167                 4906                12.5                73                  1                   10                  
Furthest Row:
Distance - 0.7714712727524621
4                   97                  52                  2130                24.6                82                  2                   40                  



Row 7:
8                   350                 180                 3664                11                  73                  1                   10                  
Closest Row:
Distance - 0.020577871915761898
8                   360                 175                 3821                11                  73                  1                   10                  
Furthest Row:
Distance - 0.7572962892271756
4                   97                  52                  2130                24.6                82                  2                   40                  



Row 8:
8                   383                 180                 4955                11.5                71                  1                   10                  
Closest Row:
Distance - 0.02827518364809703
8                   400                 175                 5140                12                  71                  1                   10                  
Furthest Row:
Distance - 0.8204230873536914
4                   97                  52                  2130                24.6                82                  2                   40                  



Row 9:
8                   350                 160                 4456                13.5                72                  1                   10                  
Closest Row:
Distance - 0.010656698120638504
8                   350                 155                 4502                13.5                72                  1                   10                  
Furthest Row:
Distance - 0.7570547722508482
4                   97                  52                  2130                24.6                82                  2                   40                  



Row 10:
8                   429                 198                 4952                11.5                73                  1                   10                  
Closest Row:
Distance - 0.04199106797912128
8                   440                 215                 4735                11                  73                  1                   10                  
Furthest Row:
Distance - 0.8247045553029853
4                   97                  52                  2130                24.6                82                  2                   40                  


time: 0m0.176s

------
Task 2:
	x = c*cos(A)
	x^2 + h^2 = b^2   using pythags
	h^2 = b^2 - x^2
	(c-x)^2 + h^2 = a^2 using pythags
	(c-x)^2 + b^2 - x^2 = a^2


------
Task 3:
|.. n=398 c=0.68 
|.. |.. n=199 c=0.63 
|.. |.. |.. n=99 c=0.65 
|.. |.. |.. |.. n=49 c=0.64 
|.. |.. |.. |.. |.. n=24 c=0.66 
|.. |.. |.. |.. |.. |.. n=12 [2897.5, 16.0, 20.0]
|.. |.. |.. |.. |.. |.. n=12 [2674.0, 14.5, 30.0]
|.. |.. |.. |.. |.. n=25 c=0.66 
|.. |.. |.. |.. |.. |.. n=12 [3001.0, 16.5, 20.0]
|.. |.. |.. |.. |.. |.. n=13 [3210.0, 16.0, 20.0]
|.. |.. |.. |.. n=50 c=0.65 
|.. |.. |.. |.. |.. n=25 c=0.61 
|.. |.. |.. |.. |.. |.. n=12 [3116.0, 16.0, 20.0]
|.. |.. |.. |.. |.. |.. n=13 [3525.0, 16.0, 20.0]
|.. |.. |.. |.. |.. n=25 c=0.72 
|.. |.. |.. |.. |.. |.. n=12 [3622.5, 18.0, 20.0]
|.. |.. |.. |.. |.. |.. n=13 [3205.0, 15.0, 20.0]
|.. |.. |.. n=100 c=0.65 
|.. |.. |.. |.. n=50 c=0.68 
|.. |.. |.. |.. |.. n=25 c=0.66 
|.. |.. |.. |.. |.. |.. n=12 [3497.5, 14.5, 20.0]
|.. |.. |.. |.. |.. |.. n=13 [4140.0, 13.0, 20.0]
|.. |.. |.. |.. |.. n=25 c=0.66 
|.. |.. |.. |.. |.. |.. n=12 [3713.5, 12.0, 20.0]
|.. |.. |.. |.. |.. |.. n=13 [4098.0, 14.0, 10.0]
|.. |.. |.. |.. n=50 c=0.63 
|.. |.. |.. |.. |.. n=25 c=0.66 
|.. |.. |.. |.. |.. |.. n=12 [4184.5, 13.0, 10.0]
|.. |.. |.. |.. |.. |.. n=13 [4464.0, 12.0, 10.0]
|.. |.. |.. |.. |.. n=25 c=0.67 
|.. |.. |.. |.. |.. |.. n=12 [4292.5, 11.5, 10.0]
|.. |.. |.. |.. |.. |.. n=13 [4615.0, 11.0, 10.0]
|.. |.. n=199 c=0.66 
|.. |.. |.. n=99 c=0.71 
|.. |.. |.. |.. n=49 c=0.66 
|.. |.. |.. |.. |.. n=24 c=0.67 
|.. |.. |.. |.. |.. |.. n=12 [2906.5, 16.0, 20.0]
|.. |.. |.. |.. |.. |.. n=12 [2297.5, 16.5, 30.0]
|.. |.. |.. |.. |.. n=25 c=0.64 
|.. |.. |.. |.. |.. |.. n=12 [2392.0, 15.0, 30.0]
|.. |.. |.. |.. |.. |.. n=13 [2202.0, 15.0, 30.0]
|.. |.. |.. |.. n=50 c=0.67 
|.. |.. |.. |.. |.. n=25 c=0.64 
|.. |.. |.. |.. |.. |.. n=12 [2398.0, 17.5, 20.0]
|.. |.. |.. |.. |.. |.. n=13 [2575.0, 15.0, 30.0]
|.. |.. |.. |.. |.. n=25 c=0.61 
|.. |.. |.. |.. |.. |.. n=12 [2518.5, 14.0, 30.0]
|.. |.. |.. |.. |.. |.. n=13 [2155.0, 15.0, 30.0]
|.. |.. |.. n=100 c=0.65 
|.. |.. |.. |.. n=50 c=0.66 
|.. |.. |.. |.. |.. n=25 c=0.65 
|.. |.. |.. |.. |.. |.. n=12 [2375.5, 14.5, 20.0]
|.. |.. |.. |.. |.. |.. n=13 [2405.0, 14.0, 30.0]
|.. |.. |.. |.. |.. n=25 c=0.64 
|.. |.. |.. |.. |.. |.. n=12 [2098.5, 16.0, 30.0]
|.. |.. |.. |.. |.. |.. n=13 [1980.0, 16.0, 30.0]
|.. |.. |.. |.. n=50 c=0.71 
|.. |.. |.. |.. |.. n=25 c=0.63 
|.. |.. |.. |.. |.. |.. n=12 [2265.0, 16.5, 30.0]
|.. |.. |.. |.. |.. |.. n=13 [1945.0, 18.0, 30.0]
|.. |.. |.. |.. |.. n=25 c=0.63 
|.. |.. |.. |.. |.. |.. n=12 [2025.0, 15.0, 30.0]
|.. |.. |.. |.. |.. |.. n=13 [1995.0, 17.0, 40.0]

time: .246
